This file contains any messages produced by compilers while
running configure, to aid debugging if configure makes a mistake.

It was created by firmware configure 1.6, which was
generated by GNU Autoconf 2.69.  Invocation command line was

  $ firmware/configure 

## --------- ##
## Platform. ##
## --------- ##

hostname = maddocks-Lenovo-YOGA-C630-13Q50
uname -m = aarch64
uname -r = 5.10.15-16ton
uname -s = Linux
uname -v = #86 SMP Sun Feb 7 02:18:04 EST 2021

/usr/bin/uname -p = unknown
/bin/uname -X     = unknown

/bin/arch              = unknown
/usr/bin/arch -k       = unknown
/usr/convex/getsysinfo = unknown
/usr/bin/hostinfo      = unknown
/bin/machine           = unknown
/usr/bin/oslevel       = unknown
/bin/universe          = unknown

PATH: /home/maddocks/.cargo/bin
PATH: /home/maddocks/.local/bin
PATH: /home/maddocks/bin
PATH: /usr/share/safe-rm/bin
PATH: /usr/local/sbin
PATH: /usr/local/bin
PATH: /usr/sbin
PATH: /usr/bin
PATH: /sbin
PATH: /bin
PATH: /usr/games
PATH: /usr/local/games
PATH: /snap/bin
PATH: ~/.cargo/bin/


## ----------- ##
## Core tests. ##
## ----------- ##

configure:1835: checking for a BSD-compatible install
configure:1903: result: /usr/bin/install -c
configure:1914: checking whether build environment is sane
configure:1969: result: yes
configure:2118: checking for a thread-safe mkdir -p
configure:2157: result: /bin/mkdir -p
configure:2164: checking for gawk
configure:2180: found /usr/bin/gawk
configure:2191: result: gawk
configure:2202: checking whether make sets $(MAKE)
configure:2224: result: yes
configure:2253: checking whether make supports nested variables
configure:2270: result: yes
configure:2511: checking for C compiler version
configure:2520: ccache gcc --version >&5
gcc (Ubuntu/Linaro 8.4.0-3ubuntu2) 8.4.0
Copyright (C) 2018 Free Software Foundation, Inc.
This is free software; see the source for copying conditions.  There is NO
warranty; not even for MERCHANTABILITY or FITNESS FOR A PARTICULAR PURPOSE.

configure:2531: $? = 0
configure:2520: ccache gcc -v >&5
Using built-in specs.
COLLECT_GCC=/usr/bin/gcc
COLLECT_LTO_WRAPPER=/usr/lib/gcc/aarch64-linux-gnu/8/lto-wrapper
Target: aarch64-linux-gnu
Configured with: ../src/configure -v --with-pkgversion='Ubuntu/Linaro 8.4.0-3ubuntu2' --with-bugurl=file:///usr/share/doc/gcc-8/README.Bugs --enable-languages=c,ada,c++,go,d,fortran,objc,obj-c++ --prefix=/usr --with-gcc-major-version-only --program-suffix=-8 --program-prefix=aarch64-linux-gnu- --enable-shared --enable-linker-build-id --libexecdir=/usr/lib --without-included-gettext --enable-threads=posix --libdir=/usr/lib --enable-nls --enable-bootstrap --enable-clocale=gnu --enable-libstdcxx-debug --enable-libstdcxx-time=yes --with-default-libstdcxx-abi=new --enable-gnu-unique-object --disable-libquadmath --disable-libquadmath-support --enable-plugin --enable-default-pie --with-system-zlib --disable-libphobos --enable-multiarch --enable-fix-cortex-a53-843419 --disable-werror --enable-checking=release --build=aarch64-linux-gnu --host=aarch64-linux-gnu --target=aarch64-linux-gnu
Thread model: posix
gcc version 8.4.0 (Ubuntu/Linaro 8.4.0-3ubuntu2) 
configure:2531: $? = 0
configure:2520: ccache gcc -V >&5
gcc: error: unrecognized command line option '-V'
gcc: fatal error: no input files
compilation terminated.
configure:2531: $? = 1
configure:2520: ccache gcc -qversion >&5
gcc: error: unrecognized command line option '-qversion'; did you mean '--version'?
gcc: fatal error: no input files
compilation terminated.
configure:2531: $? = 1
configure:2551: checking whether the C compiler works
configure:2573: ccache gcc    conftest.c  >&5
configure:2577: $? = 0
configure:2622: result: yes
configure:2625: checking for C compiler default output file name
configure:2627: result: a.out
configure:2633: checking for suffix of executables
configure:2640: ccache gcc -o conftest    conftest.c  >&5
configure:2644: $? = 0
configure:2663: result: 
configure:2685: checking whether we are cross compiling
configure:2693: ccache gcc -o conftest    conftest.c  >&5
configure:2697: $? = 0
configure:2704: ./conftest
configure:2708: $? = 0
configure:2696: result: no
configure:2701: checking for suffix of object files
configure:2723: ccache gcc -c   conftest.c >&5
configure:2727: $? = 0
configure:2748: result: o
configure:2752: checking whether we are using the GNU C compiler
configure:2771: ccache gcc -c   conftest.c >&5
configure:2771: $? = 0
configure:2780: result: yes
configure:2789: checking whether ccache gcc accepts -g
configure:2809: ccache gcc -c -g  conftest.c >&5
configure:2809: $? = 0
configure:2850: result: yes
configure:2867: checking for ccache gcc option to accept ISO C89
configure:2930: ccache gcc  -c -g -O2  conftest.c >&5
configure:2930: $? = 0
configure:2943: result: none needed
configure:2968: checking whether ccache gcc understands -c and -o together
configure:2990: ccache gcc -c conftest.c -o conftest2.o
configure:2993: $? = 0
configure:2990: ccache gcc -c conftest.c -o conftest2.o
configure:2993: $? = 0
configure:3005: result: yes
configure:3025: checking whether make supports the include directive
configure:3040: make -f confmf.GNU && cat confinc.out
this is the am__doit target
configure:3043: $? = 0
configure:3062: result: yes (GNU style)

## ---------------- ##
## Cache variables. ##
## ---------------- ##

ac_cv_c_compiler_gnu=yes
ac_cv_env_CC_set=set
ac_cv_env_CC_value='ccache gcc'
ac_cv_env_CFLAGS_set=
ac_cv_env_CFLAGS_value=
ac_cv_env_CPPFLAGS_set=
ac_cv_env_CPPFLAGS_value=
ac_cv_env_LDFLAGS_set=
ac_cv_env_LDFLAGS_value=
ac_cv_env_LIBS_set=
ac_cv_env_LIBS_value=
ac_cv_env_build_alias_set=
ac_cv_env_build_alias_value=
ac_cv_env_host_alias_set=
ac_cv_env_host_alias_value=
ac_cv_env_target_alias_set=
ac_cv_env_target_alias_value=
ac_cv_objext=o
ac_cv_path_install='/usr/bin/install -c'
ac_cv_path_mkdir=/bin/mkdir
ac_cv_prog_AWK=gawk
ac_cv_prog_cc_c89=
ac_cv_prog_cc_g=yes
ac_cv_prog_make_make_set=yes
am_cv_make_support_nested_variables=yes
am_cv_prog_cc_c_o=yes

## ----------------- ##
## Output variables. ##
## ----------------- ##

ACLOCAL='${SHELL} /home/maddocks/src/spi-tiny-usb/firmware/missing aclocal-1.16'
AMDEPBACKSLASH='\'
AMDEP_FALSE='#'
AMDEP_TRUE=''
AMTAR='$${TAR-tar}'
AM_BACKSLASH='\'
AM_DEFAULT_V='$(AM_DEFAULT_VERBOSITY)'
AM_DEFAULT_VERBOSITY='1'
AM_V='$(V)'
AUTOCONF='${SHELL} /home/maddocks/src/spi-tiny-usb/firmware/missing autoconf'
AUTOHEADER='${SHELL} /home/maddocks/src/spi-tiny-usb/firmware/missing autoheader'
AUTOMAKE='${SHELL} /home/maddocks/src/spi-tiny-usb/firmware/missing automake-1.16'
AWK='gawk'
CC='ccache gcc'
CCDEPMODE=''
CFLAGS='-g -O2'
CPPFLAGS=''
CYGPATH_W='echo'
DEFS=''
DEPDIR='.deps'
ECHO_C=''
ECHO_N='-n'
ECHO_T=''
EXEEXT=''
INSTALL_DATA='${INSTALL} -m 644'
INSTALL_PROGRAM='${INSTALL}'
INSTALL_SCRIPT='${INSTALL}'
INSTALL_STRIP_PROGRAM='$(install_sh) -c -s'
LDFLAGS=''
LIBS=''
MAKEINFO='${SHELL} /home/maddocks/src/spi-tiny-usb/firmware/missing makeinfo'
MKDIR_P='/bin/mkdir -p'
OBJEXT='o'
PACKAGE='firmware'
PACKAGE_BUGREPORT='poo@po.com'
PACKAGE_NAME='firmware'
PACKAGE_STRING='firmware 1.6'
PACKAGE_TARNAME='firmware'
PACKAGE_URL=''
PACKAGE_VERSION='1.6'
PATH_SEPARATOR=':'
SET_MAKE=''
SHELL='/bin/sh'
STRIP=''
VERSION='1.6'
ac_ct_CC=''
am__fastdepCC_FALSE=''
am__fastdepCC_TRUE=''
am__include='include'
am__isrc=' -I$(srcdir)'
am__leading_dot='.'
am__nodep='_no'
am__quote=''
am__tar='$${TAR-tar} chof - "$$tardir"'
am__untar='$${TAR-tar} xf -'
bindir='${exec_prefix}/bin'
build_alias=''
datadir='${datarootdir}'
datarootdir='${prefix}/share'
docdir='${datarootdir}/doc/${PACKAGE_TARNAME}'
dvidir='${docdir}'
exec_prefix='NONE'
host_alias=''
htmldir='${docdir}'
includedir='${prefix}/include'
infodir='${datarootdir}/info'
install_sh='${SHELL} /home/maddocks/src/spi-tiny-usb/firmware/install-sh'
libdir='${exec_prefix}/lib'
libexecdir='${exec_prefix}/libexec'
localedir='${datarootdir}/locale'
localstatedir='${prefix}/var'
mandir='${datarootdir}/man'
mkdir_p='$(MKDIR_P)'
oldincludedir='/usr/include'
pdfdir='${docdir}'
prefix='NONE'
program_transform_name='s,x,x,'
psdir='${docdir}'
runstatedir='${localstatedir}/run'
sbindir='${exec_prefix}/sbin'
sharedstatedir='${prefix}/com'
sysconfdir='${prefix}/etc'
target_alias=''

## ----------- ##
## confdefs.h. ##
## ----------- ##

/* confdefs.h */
#define PACKAGE_NAME "firmware"
#define PACKAGE_TARNAME "firmware"
#define PACKAGE_VERSION "1.6"
#define PACKAGE_STRING "firmware 1.6"
#define PACKAGE_BUGREPORT "poo@po.com"
#define PACKAGE_URL ""
#define PACKAGE "firmware"
#define VERSION "1.6"

configure: exit 0
